<?xml version="1.0" encoding="UTF-8"?>
<!-- Generated by org.testng.reporters.JUnitReportReporter -->
<testsuite hostname="DESKTOP-ERBTEJN" name="maven2.Nmaven2.testn1" tests="1" failures="0" timestamp="30 Oct 2019 03:41:43 GMT" time="0.013" errors="0">
  <testcase name="f" time="0.013" classname="maven2.Nmaven2.testn1"/>
</testsuite> <!-- maven2.Nmaven2.testn1 -->
