<?xml version="1.0" encoding="UTF-8"?>
<!-- Generated by org.testng.reporters.JUnitReportReporter -->
<testsuite hostname="DESKTOP-ERBTEJN" name="maven2.Nmaven2.Log4j_demo" tests="1" failures="0" timestamp="31 Oct 2019 04:13:07 GMT" time="32.780" errors="0">
  <testcase name="f" time="32.780" classname="maven2.Nmaven2.Log4j_demo"/>
</testsuite> <!-- maven2.Nmaven2.Log4j_demo -->
