<?xml version="1.0" encoding="UTF-8"?>
<!-- Generated by org.testng.reporters.JUnitReportReporter -->
<testsuite hostname="DESKTOP-ERBTEJN" name="maven2.Nmaven2.AJAX_trail" tests="1" failures="0" timestamp="7 Nov 2019 04:32:35 GMT" time="35.164" errors="0">
  <testcase name="f" time="35.164" classname="maven2.Nmaven2.AJAX_trail"/>
</testsuite> <!-- maven2.Nmaven2.AJAX_trail -->
