<?xml version="1.0" encoding="UTF-8"?>
<!-- Generated by org.testng.reporters.JUnitReportReporter -->
<testsuite hostname="DESKTOP-ERBTEJN" name="maven2.Nmaven2.Date_pick2" tests="1" failures="0" timestamp="27 Oct 2019 06:02:51 GMT" time="15.537" errors="0">
  <testcase name="f" time="15.537" classname="maven2.Nmaven2.Date_pick2"/>
</testsuite> <!-- maven2.Nmaven2.Date_pick2 -->
