<?xml version="1.0" encoding="UTF-8"?>
<!-- Generated by org.testng.reporters.JUnitReportReporter -->
<testsuite hostname="DESKTOP-ERBTEJN" name="maven2.Nmaven2.datepicker2_advance" tests="1" failures="0" timestamp="28 Oct 2019 05:17:43 GMT" time="22.092" errors="0">
  <testcase name="f" time="22.092" classname="maven2.Nmaven2.datepicker2_advance"/>
</testsuite> <!-- maven2.Nmaven2.datepicker2_advance -->
