<?xml version="1.0" encoding="UTF-8"?>
<!-- Generated by org.testng.reporters.JUnitReportReporter -->
<testsuite hostname="DESKTOP-ERBTEJN" name="maven2.Nmaven2.sekuli_trial" tests="1" failures="0" timestamp="2 Nov 2019 06:30:27 GMT" time="39.801" errors="0">
  <testcase name="f" time="39.801" classname="maven2.Nmaven2.sekuli_trial"/>
</testsuite> <!-- maven2.Nmaven2.sekuli_trial -->
