<?xml version="1.0" encoding="UTF-8"?>
<!-- Generated by org.testng.reporters.JUnitReportReporter -->
<testsuite hostname="DESKTOP-ERBTEJN" name="maven2.Nmaven2.Crossbrowser" tests="1" failures="0" timestamp="30 Oct 2019 04:29:39 GMT" time="7.565" errors="0">
  <testcase name="execute" time="7.565" classname="maven2.Nmaven2.Crossbrowser"/>
</testsuite> <!-- maven2.Nmaven2.Crossbrowser -->
