<?xml version="1.0" encoding="UTF-8"?>
<!-- Generated by org.testng.reporters.JUnitReportReporter -->
<testsuite hostname="DESKTOP-ERBTEJN" name="maven2.Nmaven2.datepicker" tests="1" failures="0" timestamp="28 Oct 2019 03:54:02 GMT" time="18.328" errors="0">
  <testcase name="f" time="18.328" classname="maven2.Nmaven2.datepicker"/>
</testsuite> <!-- maven2.Nmaven2.datepicker -->
