<?xml version="1.0" encoding="UTF-8"?>
<!-- Generated by org.testng.reporters.JUnitReportReporter -->
<testsuite hostname="DESKTOP-ERBTEJN" name="testCases.ExecuteTest" tests="1" failures="0" timestamp="9 Nov 2019 14:43:22 GMT" time="59.311" errors="0">
  <testcase name="testLogin" time="59.311" classname="testCases.ExecuteTest"/>
</testsuite> <!-- testCases.ExecuteTest -->
